<?xml version="1.0" encoding="UTF-8"?>
<testsuites>
  <testsuite name="G:\Projets\fireguard\fireguard-auth\phpunit.dist.xml" tests="76" assertions="165" errors="0" failures="2" skipped="0" time="133.616813">
    <testsuite name="E2E Tests" tests="76" assertions="165" errors="0" failures="2" skipped="0" time="133.616813">
      <testsuite name="App\Tests\E2E\AuthLoginFlowTest" file="G:\Projets\fireguard\fireguard-auth\tests\E2E\AuthLoginFlowTest.php" tests="14" assertions="40" errors="0" failures="0" skipped="0" time="29.934319">
        <testcase name="testLoginWithValidCredentials" file="G:\Projets\fireguard\fireguard-auth\tests\E2E\AuthLoginFlowTest.php" line="30" class="App\Tests\E2E\AuthLoginFlowTest" classname="App.Tests.E2E.AuthLoginFlowTest" assertions="4" time="6.707051"/>
        <testcase name="testLoginWithInvalidPassword" file="G:\Projets\fireguard\fireguard-auth\tests\E2E\AuthLoginFlowTest.php" line="72" class="App\Tests\E2E\AuthLoginFlowTest" classname="App.Tests.E2E.AuthLoginFlowTest" assertions="1" time="2.095742"/>
        <testcase name="testLoginWithNonExistentUser" file="G:\Projets\fireguard\fireguard-auth\tests\E2E\AuthLoginFlowTest.php" line="107" class="App\Tests\E2E\AuthLoginFlowTest" classname="App.Tests.E2E.AuthLoginFlowTest" assertions="1" time="1.536755"/>
        <testcase name="testLoginWithInactiveUser" file="G:\Projets\fireguard\fireguard-auth\tests\E2E\AuthLoginFlowTest.php" line="136" class="App\Tests\E2E\AuthLoginFlowTest" classname="App.Tests.E2E.AuthLoginFlowTest" assertions="1" time="1.694552"/>
        <testcase name="testLoginSetsRefreshTokenCookie" file="G:\Projets\fireguard\fireguard-auth\tests\E2E\AuthLoginFlowTest.php" line="171" class="App\Tests\E2E\AuthLoginFlowTest" classname="App.Tests.E2E.AuthLoginFlowTest" assertions="3" time="2.023166"/>
        <testcase name="testRefreshTokenFlow" file="G:\Projets\fireguard\fireguard-auth\tests\E2E\AuthLoginFlowTest.php" line="230" class="App\Tests\E2E\AuthLoginFlowTest" classname="App.Tests.E2E.AuthLoginFlowTest" assertions="6" time="2.069837"/>
        <testcase name="testRefreshWithoutCookieReturns401" file="G:\Projets\fireguard\fireguard-auth\tests\E2E\AuthLoginFlowTest.php" line="302" class="App\Tests\E2E\AuthLoginFlowTest" classname="App.Tests.E2E.AuthLoginFlowTest" assertions="1" time="1.500068"/>
        <testcase name="testRefreshWithInvalidTokenReturns401" file="G:\Projets\fireguard\fireguard-auth\tests\E2E\AuthLoginFlowTest.php" line="327" class="App\Tests\E2E\AuthLoginFlowTest" classname="App.Tests.E2E.AuthLoginFlowTest" assertions="1" time="1.498555"/>
        <testcase name="testLogoutClearsRefreshTokenCookie" file="G:\Projets\fireguard\fireguard-auth\tests\E2E\AuthLoginFlowTest.php" line="357" class="App\Tests\E2E\AuthLoginFlowTest" classname="App.Tests.E2E.AuthLoginFlowTest" assertions="4" time="2.068848"/>
        <testcase name="testLogoutWithoutAuthenticationSucceeds" file="G:\Projets\fireguard\fireguard-auth\tests\E2E\AuthLoginFlowTest.php" line="418" class="App\Tests\E2E\AuthLoginFlowTest" classname="App.Tests.E2E.AuthLoginFlowTest" assertions="1" time="1.519891"/>
        <testcase name="testCompleteAuthenticationFlow" file="G:\Projets\fireguard\fireguard-auth\tests\E2E\AuthLoginFlowTest.php" line="443" class="App\Tests\E2E\AuthLoginFlowTest" classname="App.Tests.E2E.AuthLoginFlowTest" assertions="7" time="2.080736"/>
        <testcase name="testLoginWithEmptyEmail" file="G:\Projets\fireguard\fireguard-auth\tests\E2E\AuthLoginFlowTest.php" line="539" class="App\Tests\E2E\AuthLoginFlowTest" classname="App.Tests.E2E.AuthLoginFlowTest" assertions="1" time="1.581655"/>
        <testcase name="testLoginWithEmptyPassword" file="G:\Projets\fireguard\fireguard-auth\tests\E2E\AuthLoginFlowTest.php" line="568" class="App\Tests\E2E\AuthLoginFlowTest" classname="App.Tests.E2E.AuthLoginFlowTest" assertions="1" time="1.548405"/>
        <testcase name="testLoginResponseStructure" file="G:\Projets\fireguard\fireguard-auth\tests\E2E\AuthLoginFlowTest.php" line="597" class="App\Tests\E2E\AuthLoginFlowTest" classname="App.Tests.E2E.AuthLoginFlowTest" assertions="8" time="2.009059"/>
      </testsuite>
      <testsuite name="App\Tests\E2E\AuthorizationCodeFlowTest" file="G:\Projets\fireguard\fireguard-auth\tests\E2E\AuthorizationCodeFlowTest.php" tests="5" assertions="5" errors="0" failures="0" skipped="0" time="6.291647">
        <testcase name="testAuthorizationCodeGrantRequiresCode" file="G:\Projets\fireguard\fireguard-auth\tests\E2E\AuthorizationCodeFlowTest.php" line="49" class="App\Tests\E2E\AuthorizationCodeFlowTest" classname="App.Tests.E2E.AuthorizationCodeFlowTest" assertions="1" time="1.526960"/>
        <testcase name="testAuthorizationCodeGrantRequiresRedirectUri" file="G:\Projets\fireguard\fireguard-auth\tests\E2E\AuthorizationCodeFlowTest.php" line="82" class="App\Tests\E2E\AuthorizationCodeFlowTest" classname="App.Tests.E2E.AuthorizationCodeFlowTest" assertions="1" time="1.521743"/>
        <testcase name="testAuthorizationCodeGrantRequiresCodeVerifier" file="G:\Projets\fireguard\fireguard-auth\tests\E2E\AuthorizationCodeFlowTest.php" line="115" class="App\Tests\E2E\AuthorizationCodeFlowTest" classname="App.Tests.E2E.AuthorizationCodeFlowTest" assertions="1" time="1.532356"/>
        <testcase name="testAuthorizationCodeGrantWithInvalidCode" file="G:\Projets\fireguard\fireguard-auth\tests\E2E\AuthorizationCodeFlowTest.php" line="148" class="App\Tests\E2E\AuthorizationCodeFlowTest" classname="App.Tests.E2E.AuthorizationCodeFlowTest" assertions="1" time="1.709557"/>
        <testcase name="testPkceS256ChallengeGeneration" file="G:\Projets\fireguard\fireguard-auth\tests\E2E\AuthorizationCodeFlowTest.php" line="187" class="App\Tests\E2E\AuthorizationCodeFlowTest" classname="App.Tests.E2E.AuthorizationCodeFlowTest" assertions="1" time="0.001031"/>
      </testsuite>
      <testsuite name="App\Tests\E2E\ClientManagementFlowTest" file="G:\Projets\fireguard\fireguard-auth\tests\E2E\ClientManagementFlowTest.php" tests="11" assertions="16" errors="0" failures="0" skipped="0" time="17.795180">
        <testcase name="testClientCredentialsOnlyClient" file="G:\Projets\fireguard\fireguard-auth\tests\E2E\ClientManagementFlowTest.php" line="27" class="App\Tests\E2E\ClientManagementFlowTest" classname="App.Tests.E2E.ClientManagementFlowTest" assertions="1" time="1.768585"/>
        <testcase name="testDifferentScopes" file="G:\Projets\fireguard\fireguard-auth\tests\E2E\ClientManagementFlowTest.php" line="58" class="App\Tests\E2E\ClientManagementFlowTest" classname="App.Tests.E2E.ClientManagementFlowTest" assertions="2" time="1.714887"/>
        <testcase name="testExpiredTokenHandling" file="G:\Projets\fireguard\fireguard-auth\tests\E2E\ClientManagementFlowTest.php" line="99" class="App\Tests\E2E\ClientManagementFlowTest" classname="App.Tests.E2E.ClientManagementFlowTest" assertions="1" time="1.507474"/>
        <testcase name="testSqlInjectionPrevention" file="G:\Projets\fireguard\fireguard-auth\tests\E2E\ClientManagementFlowTest.php" line="126" class="App\Tests\E2E\ClientManagementFlowTest" classname="App.Tests.E2E.ClientManagementFlowTest" assertions="1" time="1.526724"/>
        <testcase name="testRegenerateClientSecret" file="G:\Projets\fireguard\fireguard-auth\tests\E2E\ClientManagementFlowTest.php" line="160" class="App\Tests\E2E\ClientManagementFlowTest" classname="App.Tests.E2E.ClientManagementFlowTest" assertions="2" time="1.693612"/>
        <testcase name="testRegenerateClientSecretWithoutAuth" file="G:\Projets\fireguard\fireguard-auth\tests\E2E\ClientManagementFlowTest.php" line="198" class="App\Tests\E2E\ClientManagementFlowTest" classname="App.Tests.E2E.ClientManagementFlowTest" assertions="1" time="1.519351"/>
        <testcase name="testActivateClient" file="G:\Projets\fireguard\fireguard-auth\tests\E2E\ClientManagementFlowTest.php" line="223" class="App\Tests\E2E\ClientManagementFlowTest" classname="App.Tests.E2E.ClientManagementFlowTest" assertions="2" time="1.710045"/>
        <testcase name="testActivateClientWithoutAuth" file="G:\Projets\fireguard\fireguard-auth\tests\E2E\ClientManagementFlowTest.php" line="253" class="App\Tests\E2E\ClientManagementFlowTest" classname="App.Tests.E2E.ClientManagementFlowTest" assertions="1" time="1.503921"/>
        <testcase name="testDeactivateClient" file="G:\Projets\fireguard\fireguard-auth\tests\E2E\ClientManagementFlowTest.php" line="278" class="App\Tests\E2E\ClientManagementFlowTest" classname="App.Tests.E2E.ClientManagementFlowTest" assertions="2" time="1.677153"/>
        <testcase name="testDeactivateClientWithoutAuth" file="G:\Projets\fireguard\fireguard-auth\tests\E2E\ClientManagementFlowTest.php" line="309" class="App\Tests\E2E\ClientManagementFlowTest" classname="App.Tests.E2E.ClientManagementFlowTest" assertions="1" time="1.496095"/>
        <testcase name="testActivateNonExistentClient" file="G:\Projets\fireguard\fireguard-auth\tests\E2E\ClientManagementFlowTest.php" line="334" class="App\Tests\E2E\ClientManagementFlowTest" classname="App.Tests.E2E.ClientManagementFlowTest" assertions="2" time="1.677333"/>
      </testsuite>
      <testsuite name="App\Tests\E2E\MfaFlowTest" file="G:\Projets\fireguard\fireguard-auth\tests\E2E\MfaFlowTest.php" tests="1" assertions="1" errors="0" failures="1" skipped="0" time="2.153557">
        <testcase name="testMfaLoginFlow" file="G:\Projets\fireguard\fireguard-auth\tests\E2E\MfaFlowTest.php" line="22" class="App\Tests\E2E\MfaFlowTest" classname="App.Tests.E2E.MfaFlowTest" assertions="1" time="2.153557">
          <failure type="PHPUnit\Framework\ExpectationFailedException">App\Tests\E2E\MfaFlowTest::testMfaLoginFlow&#13;
Failed asserting that an array contains 201.
&#13;
G:\Projets\fireguard\fireguard-auth\tests\E2E\MfaFlowTest.php:61
G:\Projets\fireguard\fireguard-auth\vendor\phpunit\phpunit\phpunit:104</failure>
        </testcase>
      </testsuite>
      <testsuite name="App\Tests\E2E\OAuth2FlowTest" file="G:\Projets\fireguard\fireguard-auth\tests\E2E\OAuth2FlowTest.php" tests="11" assertions="40" errors="0" failures="0" skipped="0" time="18.690960">
        <testcase name="testClientCredentialsFlowComplete" file="G:\Projets\fireguard\fireguard-auth\tests\E2E\OAuth2FlowTest.php" line="28" class="App\Tests\E2E\OAuth2FlowTest" classname="App.Tests.E2E.OAuth2FlowTest" assertions="11" time="1.926118"/>
        <testcase name="testClientCredentialsWithInvalidSecret" file="G:\Projets\fireguard\fireguard-auth\tests\E2E\OAuth2FlowTest.php" line="149" class="App\Tests\E2E\OAuth2FlowTest" classname="App.Tests.E2E.OAuth2FlowTest" assertions="1" time="1.682072"/>
        <testcase name="testClientCredentialsWithNonExistentClient" file="G:\Projets\fireguard\fireguard-auth\tests\E2E\OAuth2FlowTest.php" line="178" class="App\Tests\E2E\OAuth2FlowTest" classname="App.Tests.E2E.OAuth2FlowTest" assertions="1" time="1.504641"/>
        <testcase name="testOpenIdConfiguration" file="G:\Projets\fireguard\fireguard-auth\tests\E2E\OAuth2FlowTest.php" line="211" class="App\Tests\E2E\OAuth2FlowTest" classname="App.Tests.E2E.OAuth2FlowTest" assertions="8" time="1.652165"/>
        <testcase name="testJwksEndpoint" file="G:\Projets\fireguard\fireguard-auth\tests\E2E\OAuth2FlowTest.php" line="238" class="App\Tests\E2E\OAuth2FlowTest" classname="App.Tests.E2E.OAuth2FlowTest" assertions="7" time="1.666359"/>
        <testcase name="testProtectedResourceWithoutToken" file="G:\Projets\fireguard\fireguard-auth\tests\E2E\OAuth2FlowTest.php" line="271" class="App\Tests\E2E\OAuth2FlowTest" classname="App.Tests.E2E.OAuth2FlowTest" assertions="1" time="1.804563"/>
        <testcase name="testProtectedResourceWithInvalidToken" file="G:\Projets\fireguard\fireguard-auth\tests\E2E\OAuth2FlowTest.php" line="292" class="App\Tests\E2E\OAuth2FlowTest" classname="App.Tests.E2E.OAuth2FlowTest" assertions="1" time="1.655224"/>
        <testcase name="testUserInfoWithValidToken" file="G:\Projets\fireguard\fireguard-auth\tests\E2E\OAuth2FlowTest.php" line="316" class="App\Tests\E2E\OAuth2FlowTest" classname="App.Tests.E2E.OAuth2FlowTest" assertions="2" time="1.742612"/>
        <testcase name="testIntrospectionWithInvalidToken" file="G:\Projets\fireguard\fireguard-auth\tests\E2E\OAuth2FlowTest.php" line="373" class="App\Tests\E2E\OAuth2FlowTest" classname="App.Tests.E2E.OAuth2FlowTest" assertions="2" time="1.489492"/>
        <testcase name="testRevocationWithInvalidToken" file="G:\Projets\fireguard\fireguard-auth\tests\E2E\OAuth2FlowTest.php" line="403" class="App\Tests\E2E\OAuth2FlowTest" classname="App.Tests.E2E.OAuth2FlowTest" assertions="1" time="1.487566"/>
        <testcase name="testMultipleTokensForSameClient" file="G:\Projets\fireguard\fireguard-auth\tests\E2E\OAuth2FlowTest.php" line="435" class="App\Tests\E2E\OAuth2FlowTest" classname="App.Tests.E2E.OAuth2FlowTest" assertions="5" time="2.080148"/>
      </testsuite>
      <testsuite name="App\Tests\E2E\RefreshTokenFlowTest" file="G:\Projets\fireguard\fireguard-auth\tests\E2E\RefreshTokenFlowTest.php" tests="6" assertions="8" errors="0" failures="1" skipped="0" time="9.392407">
        <testcase name="testRefreshTokenGrantWithValidToken" file="G:\Projets\fireguard\fireguard-auth\tests\E2E\RefreshTokenFlowTest.php" line="27" class="App\Tests\E2E\RefreshTokenFlowTest" classname="App.Tests.E2E.RefreshTokenFlowTest" assertions="2" time="2.133402">
          <failure type="PHPUnit\Framework\ExpectationFailedException">App\Tests\E2E\RefreshTokenFlowTest::testRefreshTokenGrantWithValidToken&#13;
Refresh token should be available in response or cookie
Failed asserting that null is not null.
&#13;
G:\Projets\fireguard\fireguard-auth\tests\E2E\RefreshTokenFlowTest.php:73
G:\Projets\fireguard\fireguard-auth\vendor\phpunit\phpunit\phpunit:104</failure>
        </testcase>
        <testcase name="testRefreshTokenGrantWithInvalidToken" file="G:\Projets\fireguard\fireguard-auth\tests\E2E\RefreshTokenFlowTest.php" line="108" class="App\Tests\E2E\RefreshTokenFlowTest" classname="App.Tests.E2E.RefreshTokenFlowTest" assertions="1" time="1.708640"/>
        <testcase name="testRefreshTokenGrantWithoutToken" file="G:\Projets\fireguard\fireguard-auth\tests\E2E\RefreshTokenFlowTest.php" line="139" class="App\Tests\E2E\RefreshTokenFlowTest" classname="App.Tests.E2E.RefreshTokenFlowTest" assertions="1" time="1.584488"/>
        <testcase name="testRefreshTokenGrantWithExpiredToken" file="G:\Projets\fireguard\fireguard-auth\tests\E2E\RefreshTokenFlowTest.php" line="169" class="App\Tests\E2E\RefreshTokenFlowTest" classname="App.Tests.E2E.RefreshTokenFlowTest" assertions="1" time="1.745864"/>
        <testcase name="testAuthRefreshEndpointWithCookie" file="G:\Projets\fireguard\fireguard-auth\tests\E2E\RefreshTokenFlowTest.php" line="207" class="App\Tests\E2E\RefreshTokenFlowTest" classname="App.Tests.E2E.RefreshTokenFlowTest" assertions="2" time="2.210188"/>
        <testcase name="testAuthRefreshEndpointWithoutCookie" file="G:\Projets\fireguard\fireguard-auth\tests\E2E\RefreshTokenFlowTest.php" line="265" class="App\Tests\E2E\RefreshTokenFlowTest" classname="App.Tests.E2E.RefreshTokenFlowTest" assertions="1" time="0.009825"/>
      </testsuite>
      <testsuite name="App\Tests\E2E\TokenValidationFlowTest" file="G:\Projets\fireguard\fireguard-auth\tests\E2E\TokenValidationFlowTest.php" tests="12" assertions="27" errors="0" failures="0" skipped="0" time="20.301272">
        <testcase name="testTokenWithSpecificScopes" file="G:\Projets\fireguard\fireguard-auth\tests\E2E\TokenValidationFlowTest.php" line="27" class="App\Tests\E2E\TokenValidationFlowTest" classname="App.Tests.E2E.TokenValidationFlowTest" assertions="2" time="1.695371"/>
        <testcase name="testTokenWithMultipleScopes" file="G:\Projets\fireguard\fireguard-auth\tests\E2E\TokenValidationFlowTest.php" line="69" class="App\Tests\E2E\TokenValidationFlowTest" classname="App.Tests.E2E.TokenValidationFlowTest" assertions="1" time="1.672852"/>
        <testcase name="testTokenWithoutScopeParameter" file="G:\Projets\fireguard\fireguard-auth\tests\E2E\TokenValidationFlowTest.php" line="107" class="App\Tests\E2E\TokenValidationFlowTest" classname="App.Tests.E2E.TokenValidationFlowTest" assertions="2" time="1.806455"/>
        <testcase name="testTokenWithInvalidScope" file="G:\Projets\fireguard\fireguard-auth\tests\E2E\TokenValidationFlowTest.php" line="145" class="App\Tests\E2E\TokenValidationFlowTest" classname="App.Tests.E2E.TokenValidationFlowTest" assertions="1" time="1.733219"/>
        <testcase name="testIntrospectionReturnsTokenInfo" file="G:\Projets\fireguard\fireguard-auth\tests\E2E\TokenValidationFlowTest.php" line="181" class="App\Tests\E2E\TokenValidationFlowTest" classname="App.Tests.E2E.TokenValidationFlowTest" assertions="4" time="1.797352"/>
        <testcase name="testIntrospectionOfRevokedToken" file="G:\Projets\fireguard\fireguard-auth\tests\E2E\TokenValidationFlowTest.php" line="245" class="App\Tests\E2E\TokenValidationFlowTest" classname="App.Tests.E2E.TokenValidationFlowTest" assertions="2" time="1.744688"/>
        <testcase name="testTokenHasExpiration" file="G:\Projets\fireguard\fireguard-auth\tests\E2E\TokenValidationFlowTest.php" line="315" class="App\Tests\E2E\TokenValidationFlowTest" classname="App.Tests.E2E.TokenValidationFlowTest" assertions="4" time="1.685408"/>
        <testcase name="testIntrospectionShowsExpiration" file="G:\Projets\fireguard\fireguard-auth\tests\E2E\TokenValidationFlowTest.php" line="352" class="App\Tests\E2E\TokenValidationFlowTest" classname="App.Tests.E2E.TokenValidationFlowTest" assertions="3" time="1.701170"/>
        <testcase name="testTokenTypeIsBearer" file="G:\Projets\fireguard\fireguard-auth\tests\E2E\TokenValidationFlowTest.php" line="412" class="App\Tests\E2E\TokenValidationFlowTest" classname="App.Tests.E2E.TokenValidationFlowTest" assertions="3" time="1.716229"/>
        <testcase name="testBearerTokenAuthenticationFormat" file="G:\Projets\fireguard\fireguard-auth\tests\E2E\TokenValidationFlowTest.php" line="448" class="App\Tests\E2E\TokenValidationFlowTest" classname="App.Tests.E2E.TokenValidationFlowTest" assertions="3" time="1.691432"/>
        <testcase name="testUnsupportedGrantTypeRejected" file="G:\Projets\fireguard\fireguard-auth\tests\E2E\TokenValidationFlowTest.php" line="524" class="App\Tests\E2E\TokenValidationFlowTest" classname="App.Tests.E2E.TokenValidationFlowTest" assertions="1" time="1.525489"/>
        <testcase name="testMissingGrantTypeRejected" file="G:\Projets\fireguard\fireguard-auth\tests\E2E\TokenValidationFlowTest.php" line="556" class="App\Tests\E2E\TokenValidationFlowTest" classname="App.Tests.E2E.TokenValidationFlowTest" assertions="1" time="1.531605"/>
      </testsuite>
      <testsuite name="App\Tests\E2E\UserManagementFlowTest" file="G:\Projets\fireguard\fireguard-auth\tests\E2E\UserManagementFlowTest.php" tests="16" assertions="28" errors="0" failures="0" skipped="0" time="29.057471">
        <testcase name="testListUsersWithValidToken" file="G:\Projets\fireguard\fireguard-auth\tests\E2E\UserManagementFlowTest.php" line="27" class="App\Tests\E2E\UserManagementFlowTest" classname="App.Tests.E2E.UserManagementFlowTest" assertions="2" time="1.696260"/>
        <testcase name="testListUsersWithoutToken" file="G:\Projets\fireguard\fireguard-auth\tests\E2E\UserManagementFlowTest.php" line="61" class="App\Tests\E2E\UserManagementFlowTest" classname="App.Tests.E2E.UserManagementFlowTest" assertions="1" time="1.485734"/>
        <testcase name="testUserCreationRequiresAuthorization" file="G:\Projets\fireguard\fireguard-auth\tests\E2E\UserManagementFlowTest.php" line="89" class="App\Tests\E2E\UserManagementFlowTest" classname="App.Tests.E2E.UserManagementFlowTest" assertions="2" time="1.698879"/>
        <testcase name="testCreateUserWithInvalidData" file="G:\Projets\fireguard\fireguard-auth\tests\E2E\UserManagementFlowTest.php" line="134" class="App\Tests\E2E\UserManagementFlowTest" classname="App.Tests.E2E.UserManagementFlowTest" assertions="2" time="1.671592"/>
        <testcase name="testCreateUserWithInvalidEmail" file="G:\Projets\fireguard\fireguard-auth\tests\E2E\UserManagementFlowTest.php" line="167" class="App\Tests\E2E\UserManagementFlowTest" classname="App.Tests.E2E.UserManagementFlowTest" assertions="2" time="1.696005"/>
        <testcase name="testCreateUserWithWeakPassword" file="G:\Projets\fireguard\fireguard-auth\tests\E2E\UserManagementFlowTest.php" line="202" class="App\Tests\E2E\UserManagementFlowTest" classname="App.Tests.E2E.UserManagementFlowTest" assertions="2" time="1.676197"/>
        <testcase name="testGetUserById" file="G:\Projets\fireguard\fireguard-auth\tests\E2E\UserManagementFlowTest.php" line="241" class="App\Tests\E2E\UserManagementFlowTest" classname="App.Tests.E2E.UserManagementFlowTest" assertions="2" time="1.704435"/>
        <testcase name="testGetNonExistentUser" file="G:\Projets\fireguard\fireguard-auth\tests\E2E\UserManagementFlowTest.php" line="277" class="App\Tests\E2E\UserManagementFlowTest" classname="App.Tests.E2E.UserManagementFlowTest" assertions="2" time="1.679100"/>
        <testcase name="testUpdateUserWithPatch" file="G:\Projets\fireguard\fireguard-auth\tests\E2E\UserManagementFlowTest.php" line="308" class="App\Tests\E2E\UserManagementFlowTest" classname="App.Tests.E2E.UserManagementFlowTest" assertions="2" time="1.685335"/>
        <testcase name="testUpdateUserWithPatchWithoutAuth" file="G:\Projets\fireguard\fireguard-auth\tests\E2E\UserManagementFlowTest.php" line="349" class="App\Tests\E2E\UserManagementFlowTest" classname="App.Tests.E2E.UserManagementFlowTest" assertions="1" time="1.494270"/>
        <testcase name="testReplaceUserWithPut" file="G:\Projets\fireguard\fireguard-auth\tests\E2E\UserManagementFlowTest.php" line="379" class="App\Tests\E2E\UserManagementFlowTest" classname="App.Tests.E2E.UserManagementFlowTest" assertions="2" time="3.087995"/>
        <testcase name="testReplaceUserWithPutWithoutAuth" file="G:\Projets\fireguard\fireguard-auth\tests\E2E\UserManagementFlowTest.php" line="416" class="App\Tests\E2E\UserManagementFlowTest" classname="App.Tests.E2E.UserManagementFlowTest" assertions="1" time="1.505927"/>
        <testcase name="testUpdateNonExistentUser" file="G:\Projets\fireguard\fireguard-auth\tests\E2E\UserManagementFlowTest.php" line="449" class="App\Tests\E2E\UserManagementFlowTest" classname="App.Tests.E2E.UserManagementFlowTest" assertions="2" time="1.696461"/>
        <testcase name="testDeleteUser" file="G:\Projets\fireguard\fireguard-auth\tests\E2E\UserManagementFlowTest.php" line="485" class="App\Tests\E2E\UserManagementFlowTest" classname="App.Tests.E2E.UserManagementFlowTest" assertions="2" time="3.114896"/>
        <testcase name="testDeleteUserWithoutAuth" file="G:\Projets\fireguard\fireguard-auth\tests\E2E\UserManagementFlowTest.php" line="517" class="App\Tests\E2E\UserManagementFlowTest" classname="App.Tests.E2E.UserManagementFlowTest" assertions="1" time="1.499036"/>
        <testcase name="testDeleteNonExistentUser" file="G:\Projets\fireguard\fireguard-auth\tests\E2E\UserManagementFlowTest.php" line="541" class="App\Tests\E2E\UserManagementFlowTest" classname="App.Tests.E2E.UserManagementFlowTest" assertions="2" time="1.665349"/>
      </testsuite>
    </testsuite>
  </testsuite>
</testsuites>
